<?xml version="1.0" encoding="UTF-8"?>
<testng-results skipped="0" failed="0" ignored="0" total="1" passed="1">
  <reporter-output>
  </reporter-output>
  <suite name="Default suite" duration-ms="12855" started-at="2017-03-19T23:58:56Z" finished-at="2017-03-19T23:59:09Z">
    <groups>
    </groups>
    <test name="Default test" duration-ms="12855" started-at="2017-03-19T23:58:56Z" finished-at="2017-03-19T23:59:09Z">
      <class name="test.BDPageTest">
        <test-method status="PASS" signature="beforeTest()[pri:0, instance:test.BDPageTest@1caeb3e]" name="beforeTest" is-config="true" duration-ms="10230" started-at="2017-03-20T07:58:56Z" finished-at="2017-03-20T07:59:07Z">
          <reporter-output>
          </reporter-output>
        </test-method> <!-- beforeTest -->
        <test-method status="PASS" signature="f()[pri:0, instance:test.BDPageTest@1caeb3e]" name="f" duration-ms="863" started-at="2017-03-20T07:59:07Z" finished-at="2017-03-20T07:59:07Z">
          <reporter-output>
          </reporter-output>
        </test-method> <!-- f -->
        <test-method status="PASS" signature="afterTest()[pri:0, instance:test.BDPageTest@1caeb3e]" name="afterTest" is-config="true" duration-ms="1693" started-at="2017-03-20T07:59:07Z" finished-at="2017-03-20T07:59:09Z">
          <reporter-output>
          </reporter-output>
        </test-method> <!-- afterTest -->
      </class> <!-- test.BDPageTest -->
    </test> <!-- Default test -->
  </suite> <!-- Default suite -->
</testng-results>
